[2025-12-30 15:41:20,354] INFO - HTTP Request: GET https://dagshub.com/api/v1/user "HTTP/1.1 200 OK"
[2025-12-30 15:41:20,358] INFO - Accessing as Hemnixx
[2025-12-30 15:41:21,926] INFO - HTTP Request: GET https://dagshub.com/api/v1/repos/Hemnixx/NetworkSecurity "HTTP/1.1 200 OK"
[2025-12-30 15:41:23,362] INFO - HTTP Request: GET https://dagshub.com/api/v1/user "HTTP/1.1 200 OK"
[2025-12-30 15:41:23,363] INFO - Initialized MLflow to track repo "Hemnixx/NetworkSecurity"
[2025-12-30 15:41:23,364] INFO - Repository Hemnixx/NetworkSecurity initialized!
[2025-12-30 15:41:23,365] INFO - Data Ingestion initialized
[2025-12-30 15:41:23,365] INFO - Initiate the data ingestion
[2025-12-30 15:41:24,151] INFO - {"message": "Waiting for suitable server to become available", "selector": "Primary()", "operation": "find", "topologyDescription": "<TopologyDescription id: 6953a54c854ff777d83f71f2, topology_type: ReplicaSetNoPrimary, servers: [<ServerDescription ('ac-e96qpa7-shard-00-00.sq72tld.mongodb.net', 27017) server_type: Unknown, rtt: None>, <ServerDescription ('ac-e96qpa7-shard-00-01.sq72tld.mongodb.net', 27017) server_type: Unknown, rtt: None>, <ServerDescription ('ac-e96qpa7-shard-00-02.sq72tld.mongodb.net', 27017) server_type: Unknown, rtt: None>]>", "clientId": {"$oid": "6953a54c854ff777d83f71f2"}, "remainingTimeMS": 30}
[2025-12-30 15:41:28,627] INFO - Data shape from MongoDB: (11055, 31)
[2025-12-30 15:41:28,748] INFO - Data Ingestion Completed
[2025-12-30 15:41:28,754] INFO - Data Validation Started
[2025-12-30 15:41:28,977] INFO - Data Validation Completed
[2025-12-30 15:41:29,050] INFO - Entered the save_object method of MainUtils class
[2025-12-30 15:41:29,053] INFO - Exited the save_object method of MainUtils class
[2025-12-30 15:41:29,053] INFO - Entered the save_object method of MainUtils class
[2025-12-30 15:41:29,056] INFO - Exited the save_object method of MainUtils class
[2025-12-30 15:41:29,057] INFO - Data Transformation Completed
[2025-12-30 15:41:29,057] INFO - Model Training Started
[2025-12-30 15:47:01,919] WARNING - Retrying (Retry(total=6, connect=7, read=7, redirect=7, status=7)) after connection broken by 'SSLEOFError(8, 'EOF occurred in violation of protocol (_ssl.c:2427)')': /Hemnixx/NetworkSecurity.mlflow/api/2.0/mlflow-artifacts/artifacts/fc65a5e8084b4d75b21e5b71b8360c2b/models/m-74ee4a472d92433fba81aaf2896e5746/artifacts/model.pkl
[2025-12-30 15:47:18,583] WARNING - Retrying (Retry(total=5, connect=7, read=7, redirect=7, status=7)) after connection broken by 'SSLEOFError(8, 'EOF occurred in violation of protocol (_ssl.c:2427)')': /Hemnixx/NetworkSecurity.mlflow/api/2.0/mlflow-artifacts/artifacts/fc65a5e8084b4d75b21e5b71b8360c2b/models/m-74ee4a472d92433fba81aaf2896e5746/artifacts/model.pkl
[2025-12-30 15:48:05,023] WARNING - Retrying (Retry(total=4, connect=7, read=7, redirect=7, status=7)) after connection broken by 'SSLEOFError(8, 'EOF occurred in violation of protocol (_ssl.c:2427)')': /Hemnixx/NetworkSecurity.mlflow/api/2.0/mlflow-artifacts/artifacts/fc65a5e8084b4d75b21e5b71b8360c2b/models/m-74ee4a472d92433fba81aaf2896e5746/artifacts/model.pkl
[2025-12-30 15:50:48,469] INFO - Entered the save_object method of MainUtils class
[2025-12-30 15:50:48,471] INFO - Exited the save_object method of MainUtils class
[2025-12-30 15:50:48,471] INFO - Entered the save_object method of MainUtils class
[2025-12-30 15:50:48,517] INFO - Exited the save_object method of MainUtils class
[2025-12-30 15:50:48,517] INFO - Model trainer artifact: ModelTrainerArtifact(trained_model_file_path='artifact\\2025-12-30_15-41-16\\model_trainer\\trained_model\\model.pkl', train_metric_artifact=ClassificationMetricArtifact(f1_score=0.9915521628498728, precision_score=0.9894373349583587, recall_score=0.9936760505915953), test_metric_artifact=ClassificationMetricArtifact(f1_score=0.9719256623171214, precision_score=0.9646781789638933, recall_score=0.9792828685258964))
[2025-12-30 15:50:48,524] INFO - Model Training Completed
