[2025-12-31 16:27:56,908] INFO - HTTP Request: GET https://dagshub.com/api/v1/user "HTTP/1.1 200 OK"
[2025-12-31 16:27:56,912] INFO - Accessing as Hemnixx
[2025-12-31 16:27:58,352] INFO - HTTP Request: GET https://dagshub.com/api/v1/repos/Hemnixx/NetworkSecurity "HTTP/1.1 200 OK"
[2025-12-31 16:27:59,622] INFO - HTTP Request: GET https://dagshub.com/api/v1/user "HTTP/1.1 200 OK"
[2025-12-31 16:27:59,624] INFO - Initialized MLflow to track repo "Hemnixx/NetworkSecurity"
[2025-12-31 16:27:59,625] INFO - Repository Hemnixx/NetworkSecurity initialized!
[2025-12-31 16:30:45,380] INFO - Start data Ingestion
[2025-12-31 16:30:45,380] INFO - Data Ingestion initialized
[2025-12-31 16:30:46,370] INFO - {"message": "Waiting for suitable server to become available", "selector": "Primary()", "operation": "find", "topologyDescription": "<TopologyDescription id: 6955025ef70955231a2b5744, topology_type: ReplicaSetNoPrimary, servers: [<ServerDescription ('ac-e96qpa7-shard-00-00.sq72tld.mongodb.net', 27017) server_type: Unknown, rtt: None>, <ServerDescription ('ac-e96qpa7-shard-00-01.sq72tld.mongodb.net', 27017) server_type: Unknown, rtt: None>, <ServerDescription ('ac-e96qpa7-shard-00-02.sq72tld.mongodb.net', 27017) server_type: Unknown, rtt: None>]>", "clientId": {"$oid": "6955025ef70955231a2b5744"}, "remainingTimeMS": 30}
[2025-12-31 16:30:49,401] INFO - Data shape from MongoDB: (11055, 31)
[2025-12-31 16:30:49,563] INFO - Data Ingestion completed and artifact: DataIngestionArtifact(feature_store_file_path='artifact\\2025-12-31_16-27-53\\data_ingestion\\feature_store\\phisingData.csv', train_file_path='artifact\\2025-12-31_16-27-53\\data_ingestion\\ingested\\train.csv', test_file_path='artifact\\2025-12-31_16-27-53\\data_ingestion\\ingested\\test.csv')
[2025-12-31 16:30:49,586] INFO - Initiate the data Validation
[2025-12-31 16:30:49,896] INFO - Entered the save_object method of MainUtils class
[2025-12-31 16:30:49,899] INFO - Exited the save_object method of MainUtils class
[2025-12-31 16:30:49,900] INFO - Entered the save_object method of MainUtils class
[2025-12-31 16:30:49,903] INFO - Exited the save_object method of MainUtils class
[2025-12-31 16:39:46,568] WARNING - Retrying (Retry(total=6, connect=7, read=7, redirect=7, status=7)) after connection broken by 'SSLEOFError(8, 'EOF occurred in violation of protocol (_ssl.c:2427)')': /Hemnixx/NetworkSecurity.mlflow/api/2.0/mlflow-artifacts/artifacts/fc65a5e8084b4d75b21e5b71b8360c2b/models/m-e904df68db654d78b2ff9941511b6eb3/artifacts/model.pkl
[2025-12-31 16:39:51,380] WARNING - Retrying (Retry(total=5, connect=6, read=7, redirect=7, status=7)) after connection broken by 'NameResolutionError("HTTPSConnection(host='dagshub.com', port=443): Failed to resolve 'dagshub.com' ([Errno 11001] getaddrinfo failed)")': /Hemnixx/NetworkSecurity.mlflow/api/2.0/mlflow-artifacts/artifacts/fc65a5e8084b4d75b21e5b71b8360c2b/models/m-e904df68db654d78b2ff9941511b6eb3/artifacts/model.pkl
[2025-12-31 16:40:01,562] WARNING - Retrying (Retry(total=4, connect=5, read=7, redirect=7, status=7)) after connection broken by 'NameResolutionError("HTTPSConnection(host='dagshub.com', port=443): Failed to resolve 'dagshub.com' ([Errno 11001] getaddrinfo failed)")': /Hemnixx/NetworkSecurity.mlflow/api/2.0/mlflow-artifacts/artifacts/fc65a5e8084b4d75b21e5b71b8360c2b/models/m-e904df68db654d78b2ff9941511b6eb3/artifacts/model.pkl
[2025-12-31 18:59:38,212] WARNING - Retrying (Retry(total=3, connect=4, read=7, redirect=7, status=7)) after connection broken by 'NameResolutionError("HTTPSConnection(host='dagshub.com', port=443): Failed to resolve 'dagshub.com' ([Errno 11001] getaddrinfo failed)")': /Hemnixx/NetworkSecurity.mlflow/api/2.0/mlflow-artifacts/artifacts/fc65a5e8084b4d75b21e5b71b8360c2b/models/m-e904df68db654d78b2ff9941511b6eb3/artifacts/model.pkl
[2026-01-01 00:00:07,571] WARNING - Retrying (Retry(total=2, connect=3, read=7, redirect=7, status=7)) after connection broken by 'NameResolutionError("HTTPSConnection(host='dagshub.com', port=443): Failed to resolve 'dagshub.com' ([Errno 11001] getaddrinfo failed)")': /Hemnixx/NetworkSecurity.mlflow/api/2.0/mlflow-artifacts/artifacts/fc65a5e8084b4d75b21e5b71b8360c2b/models/m-e904df68db654d78b2ff9941511b6eb3/artifacts/model.pkl
[2026-01-01 00:01:41,228] INFO - Entered the save_object method of MainUtils class
[2026-01-01 00:01:41,230] INFO - Exited the save_object method of MainUtils class
[2026-01-01 00:01:41,230] INFO - Entered the save_object method of MainUtils class
[2026-01-01 00:01:41,279] INFO - Exited the save_object method of MainUtils class
[2026-01-01 00:01:41,279] INFO - Model trainer artifact: ModelTrainerArtifact(trained_model_file_path='artifact\\2025-12-31_16-27-53\\model_trainer\\trained_model\\model.pkl', train_metric_artifact=ClassificationMetricArtifact(f1_score=0.991559035899522, precision_score=0.9886432772257149, recall_score=0.9944920440636474), test_metric_artifact=ClassificationMetricArtifact(f1_score=0.9707740916271722, precision_score=0.9624119028974158, recall_score=0.9792828685258964))
